<?xml version="1.0" encoding="UTF-8"?>
<!-- Generated by org.testng.reporters.JUnitReportReporter -->
<testsuite hostname="LAPTOP-4SG5IKJK" failures="0" tests="1" name="smartTech.ny.myrunner.TestRunner" time="0.168" errors="1" timestamp="2023-05-01T16:05:59 EDT" skipped="0">
  <testcase classname="smartTech.ny.myrunner.TestRunner" name="runScenario" time="0.168">
    <error type="java.lang.NullPointerException">
      <![CDATA[java.lang.NullPointerException
at smartTech.ny.basePage.ParentClass.iniltilization(ParentClass.java:55)
at smartTech.ny.stepdefinition.Functional_StepDef.verify_that_home_page_is_visible_successfully(Functional_StepDef.java:10)
at ✽.Verify that home page is visible successfully(file:///C:/Users/user/eclipse-workspace/K_Autmoation_WebSite_E2E/./Features/auto.feature:6)
]]>
    </error>
  </testcase> <!-- runScenario -->
  <system-out/>
</testsuite> <!-- smartTech.ny.myrunner.TestRunner -->
